This file contains any messages produced by compilers while
running configure, to aid debugging if configure makes a mistake.

It was created by configure, which was
generated by GNU Autoconf 2.63.  Invocation command line was

  $ .././../cloog/cloog-ppl-0.15.9/configure --prefix=/home/sparksco/android/arm-linux-androideabi --with-gcc-version=SaberMod --with-binutils-version=2.21 --with-gold-version=2.21 --enable-gold --enable-plugins --with-gmp-version=4.2.4 --with-mpfr-version=2.4.1 --with-gdb-version=7.3.x --with-pkgversion=SM-Toolchain --disable-libquadmath --disable-libatomic --with-host-libstdcxx=-static-libgcc -Wl,-Bstatic,-lstdc++,-Bdynamic -lm --enable-graphite=yes --with-ppl-version=1.0 --program-transform-name=s&^&arm-linux-androideabi-& --prefix=/home/sparksco/android/toolchain/aosp/build/temp-install --disable-shared --target=arm-linux-androideabi --host=x86_64-pc-linux-gnu --build=x86_64-pc-linux-gnu --disable-nls --with-gmp=/home/sparksco/android/toolchain/aosp/build/temp-install --with-ppl=/home/sparksco/android/toolchain/aosp/build/temp-install

## --------- ##
## Platform. ##
## --------- ##

hostname = SparksCo-SaberBox
uname -m = x86_64
uname -r = 3.5.0-25-generic
uname -s = Linux
uname -v = #38-Ubuntu SMP Mon Feb 18 23:27:42 UTC 2013

/usr/bin/uname -p = unknown
/bin/uname -X     = unknown

/bin/arch              = unknown
/usr/bin/arch -k       = unknown
/usr/convex/getsysinfo = unknown
/usr/bin/hostinfo      = unknown
/bin/machine           = unknown
/usr/bin/oslevel       = unknown
/bin/universe          = unknown

PATH: /home/sparksco/bin
PATH: /usr/local/sbin
PATH: /usr/local/bin
PATH: /usr/sbin
PATH: /usr/bin
PATH: /sbin
PATH: /bin
PATH: /usr/games
PATH: /usr/local/games
PATH: /home/sparksco/bin
PATH: /home/sparksco/android/sdk
PATH: /home/sparksco/android/sdk/tools
PATH: /home/sparksco/android/sdk/platform-tools
PATH: /usr/lib/jvm/jdk1.7.0/bin


## ----------- ##
## Core tests. ##
## ----------- ##

configure:2090: checking for a BSD-compatible install
configure:2158: result: /usr/bin/install -c
configure:2169: checking whether build environment is sane
configure:2212: result: yes
configure:2274: checking for gawk
configure:2290: found /usr/bin/gawk
configure:2301: result: gawk
configure:2312: checking whether make sets $(MAKE)
configure:2334: result: yes
configure:2553: checking for x86_64-pc-linux-gnu-gcc
configure:2583: result: no
configure:2593: checking for gcc
configure:2609: found /usr/bin/gcc
configure:2620: result: gcc
configure:2852: checking for C compiler version
configure:2860: gcc --version >&5
gcc (Ubuntu/Linaro 4.7.2-2ubuntu1) 4.7.2
Copyright (C) 2012 Free Software Foundation, Inc.
This is free software; see the source for copying conditions.  There is NO
warranty; not even for MERCHANTABILITY or FITNESS FOR A PARTICULAR PURPOSE.

configure:2864: $? = 0
configure:2871: gcc -v >&5
Using built-in specs.
COLLECT_GCC=gcc
COLLECT_LTO_WRAPPER=/usr/lib/gcc/x86_64-linux-gnu/4.7/lto-wrapper
Target: x86_64-linux-gnu
Configured with: ../src/configure -v --with-pkgversion='Ubuntu/Linaro 4.7.2-2ubuntu1' --with-bugurl=file:///usr/share/doc/gcc-4.7/README.Bugs --enable-languages=c,c++,go,fortran,objc,obj-c++ --prefix=/usr --program-suffix=-4.7 --enable-shared --enable-linker-build-id --with-system-zlib --libexecdir=/usr/lib --without-included-gettext --enable-threads=posix --with-gxx-include-dir=/usr/include/c++/4.7 --libdir=/usr/lib --enable-nls --with-sysroot=/ --enable-clocale=gnu --enable-libstdcxx-debug --enable-libstdcxx-time=yes --enable-gnu-unique-object --enable-plugin --enable-objc-gc --disable-werror --with-arch-32=i686 --with-tune=generic --enable-checking=release --build=x86_64-linux-gnu --host=x86_64-linux-gnu --target=x86_64-linux-gnu
Thread model: posix
gcc version 4.7.2 (Ubuntu/Linaro 4.7.2-2ubuntu1) 
configure:2875: $? = 0
configure:2882: gcc -V >&5
gcc: error: unrecognized command line option '-V'
gcc: fatal error: no input files
compilation terminated.
configure:2886: $? = 4
configure:2909: checking for C compiler default output file name
configure:2931: gcc    conftest.c  >&5
configure:2935: $? = 0
configure:2973: result: a.out
configure:2992: checking whether the C compiler works
configure:3002: ./a.out
configure:3006: $? = 0
configure:3025: result: yes
configure:3032: checking whether we are cross compiling
configure:3034: result: no
configure:3037: checking for suffix of executables
configure:3044: gcc -o conftest    conftest.c  >&5
configure:3048: $? = 0
configure:3074: result: 
configure:3080: checking for suffix of object files
configure:3106: gcc -c   conftest.c >&5
configure:3110: $? = 0
configure:3135: result: o
configure:3139: checking whether we are using the GNU C compiler
configure:3168: gcc -c   conftest.c >&5
configure:3175: $? = 0
configure:3192: result: yes
configure:3201: checking whether gcc accepts -g
configure:3231: gcc -c -g  conftest.c >&5
configure:3238: $? = 0
configure:3339: result: yes
configure:3356: checking for gcc option to accept ISO C89
configure:3430: gcc  -c -g -O2  conftest.c >&5
configure:3437: $? = 0
configure:3460: result: none needed
configure:3489: checking for style of include used by make
configure:3517: result: GNU
configure:3545: checking dependency style of gcc
configure:3635: result: gcc3
configure:3652: checking whether ln -s works
configure:3656: result: yes
configure:3663: checking whether make sets $(MAKE)
configure:3685: result: yes
configure:3696: checking for cd
configure:3726: result: no
configure:3745: checking for a BSD-compatible install
configure:3813: result: /usr/bin/install -c
configure:3855: checking build system type
configure:3873: result: x86_64-pc-linux-gnu
configure:3895: checking host system type
configure:3910: result: x86_64-pc-linux-gnu
configure:3932: checking for a sed that does not truncate output
configure:3998: result: /bin/sed
configure:4016: checking for grep that handles long lines and -e
configure:4076: result: /bin/grep
configure:4081: checking for egrep
configure:4145: result: /bin/grep -E
configure:4150: checking for fgrep
configure:4214: result: /bin/grep -F
configure:4249: checking for ld used by gcc
configure:4316: result: /usr/bin/ld
configure:4325: checking if the linker (/usr/bin/ld) is GNU ld
configure:4340: result: yes
configure:4352: checking for BSD- or MS-compatible name lister (nm)
configure:4401: result: /usr/bin/nm -B
configure:4519: checking the name lister (/usr/bin/nm -B) interface
configure:4526: gcc -c -g -O2  conftest.c >&5
configure:4529: /usr/bin/nm -B "conftest.o"
configure:4532: output
0000000000000000 B some_variable
configure:4539: result: BSD nm
configure:4543: checking the maximum length of command line arguments
configure:4663: result: 3458764513820540925
configure:4680: checking whether the shell understands some XSI constructs
configure:4690: result: yes
configure:4694: checking whether the shell understands "+="
configure:4700: result: yes
configure:4735: checking for /usr/bin/ld option to reload object files
configure:4742: result: -r
configure:4771: checking for x86_64-pc-linux-gnu-objdump
configure:4801: result: no
configure:4811: checking for objdump
configure:4827: found /usr/bin/objdump
configure:4838: result: objdump
configure:4870: checking how to recognize dependent libraries
configure:5066: result: pass_all
configure:5086: checking for x86_64-pc-linux-gnu-ar
configure:5116: result: no
configure:5126: checking for ar
configure:5142: found /usr/bin/ar
configure:5153: result: ar
configure:5191: checking for x86_64-pc-linux-gnu-strip
configure:5221: result: no
configure:5231: checking for strip
configure:5247: found /usr/bin/strip
configure:5258: result: strip
configure:5290: checking for x86_64-pc-linux-gnu-ranlib
configure:5320: result: no
configure:5330: checking for ranlib
configure:5346: found /usr/bin/ranlib
configure:5357: result: ranlib
configure:5447: checking command to parse /usr/bin/nm -B output from gcc object
configure:5565: gcc -c -g -O2  conftest.c >&5
configure:5568: $? = 0
configure:5572: /usr/bin/nm -B conftest.o \| sed -n -e 's/^.*[	 ]\([ABCDGIRSTW][ABCDGIRSTW]*\)[	 ][	 ]*\([_A-Za-z][_A-Za-z0-9]*\)$/\1 \2 \2/p' \> conftest.nm
configure:5575: $? = 0
configure:5629: gcc -o conftest -g -O2   conftest.c conftstm.o >&5
configure:5632: $? = 0
configure:5670: result: ok
configure:5766: gcc -c -g -O2  conftest.c >&5
configure:5769: $? = 0
configure:6537: checking how to run the C preprocessor
configure:6577: gcc -E  conftest.c
configure:6584: $? = 0
configure:6615: gcc -E  conftest.c
conftest.c:10:28: fatal error: ac_nonexistent.h: No such file or directory
compilation terminated.
configure:6622: $? = 1
configure: failed program was:
| /* confdefs.h.  */
| #define PACKAGE_NAME ""
| #define PACKAGE_TARNAME ""
| #define PACKAGE_VERSION ""
| #define PACKAGE_STRING ""
| #define PACKAGE_BUGREPORT ""
| #define PACKAGE "cloog"
| #define VERSION "0.15"
| /* end confdefs.h.  */
| #include <ac_nonexistent.h>
configure:6655: result: gcc -E
configure:6684: gcc -E  conftest.c
configure:6691: $? = 0
configure:6722: gcc -E  conftest.c
conftest.c:10:28: fatal error: ac_nonexistent.h: No such file or directory
compilation terminated.
configure:6729: $? = 1
configure: failed program was:
| /* confdefs.h.  */
| #define PACKAGE_NAME ""
| #define PACKAGE_TARNAME ""
| #define PACKAGE_VERSION ""
| #define PACKAGE_STRING ""
| #define PACKAGE_BUGREPORT ""
| #define PACKAGE "cloog"
| #define VERSION "0.15"
| /* end confdefs.h.  */
| #include <ac_nonexistent.h>
configure:6769: checking for ANSI C header files
configure:6799: gcc -c -g -O2  conftest.c >&5
configure:6806: $? = 0
configure:6905: gcc -o conftest -g -O2   conftest.c  >&5
configure:6909: $? = 0
configure:6915: ./conftest
configure:6919: $? = 0
configure:6937: result: yes
configure:6961: checking for sys/types.h
configure:6982: gcc -c -g -O2  conftest.c >&5
configure:6989: $? = 0
configure:7006: result: yes
configure:6961: checking for sys/stat.h
configure:6982: gcc -c -g -O2  conftest.c >&5
configure:6989: $? = 0
configure:7006: result: yes
configure:6961: checking for stdlib.h
configure:6982: gcc -c -g -O2  conftest.c >&5
configure:6989: $? = 0
configure:7006: result: yes
configure:6961: checking for string.h
configure:6982: gcc -c -g -O2  conftest.c >&5
configure:6989: $? = 0
configure:7006: result: yes
configure:6961: checking for memory.h
configure:6982: gcc -c -g -O2  conftest.c >&5
configure:6989: $? = 0
configure:7006: result: yes
configure:6961: checking for strings.h
configure:6982: gcc -c -g -O2  conftest.c >&5
configure:6989: $? = 0
configure:7006: result: yes
configure:6961: checking for inttypes.h
configure:6982: gcc -c -g -O2  conftest.c >&5
configure:6989: $? = 0
configure:7006: result: yes
configure:6961: checking for stdint.h
configure:6982: gcc -c -g -O2  conftest.c >&5
configure:6989: $? = 0
configure:7006: result: yes
configure:6961: checking for unistd.h
configure:6982: gcc -c -g -O2  conftest.c >&5
configure:6989: $? = 0
configure:7006: result: yes
configure:7024: checking for dlfcn.h
configure:7045: gcc -c -g -O2  conftest.c >&5
configure:7052: $? = 0
configure:7069: result: yes
configure:7255: checking for objdir
configure:7270: result: .libs
configure:7562: checking if gcc supports -fno-rtti -fno-exceptions
configure:7580: gcc -c -g -O2  -fno-rtti -fno-exceptions conftest.c >&5
cc1: warning: command line option '-fno-rtti' is valid for C++/ObjC++ but not for C [enabled by default]
configure:7584: $? = 0
configure:7597: result: no
configure:7617: checking for gcc option to produce PIC
configure:7889: result: -fPIC -DPIC
configure:7901: checking if gcc PIC flag -fPIC -DPIC works
configure:7919: gcc -c -g -O2  -fPIC -DPIC -DPIC conftest.c >&5
configure:7923: $? = 0
configure:7936: result: yes
configure:7960: checking if gcc static flag -static works
configure:7988: result: yes
configure:8003: checking if gcc supports -c -o file.o
configure:8024: gcc -c -g -O2  -o out/conftest2.o conftest.c >&5
configure:8028: $? = 0
configure:8050: result: yes
configure:8058: checking if gcc supports -c -o file.o
configure:8105: result: yes
configure:8138: checking whether the gcc linker (/usr/bin/ld -m elf_x86_64) supports shared libraries
configure:9213: result: yes
configure:9452: checking dynamic linker characteristics
configure:9895: gcc -o conftest -g -O2   -Wl,-rpath -Wl,/foo conftest.c  >&5
configure:9902: $? = 0
configure:10147: result: GNU/Linux ld.so
configure:10249: checking how to hardcode library paths into programs
configure:10274: result: immediate
configure:11107: checking whether stripping libraries is possible
configure:11112: result: yes
configure:11147: checking if libtool supports shared libraries
configure:11149: result: yes
configure:11152: checking whether to build shared libraries
configure:11173: result: no
configure:11176: checking whether to build static libraries
configure:11180: result: yes
configure:11217: checking for an ANSI C-conforming const
configure:11292: gcc -c -g -O2  conftest.c >&5
configure:11299: $? = 0
configure:11314: result: yes
configure:11324: checking for size_t
configure:11352: gcc -c -g -O2  conftest.c >&5
configure:11359: $? = 0
configure:11386: gcc -c -g -O2  conftest.c >&5
conftest.c: In function 'main':
conftest.c:58:21: error: expected expression before ')' token
configure:11393: $? = 1
configure: failed program was:
| /* confdefs.h.  */
| #define PACKAGE_NAME ""
| #define PACKAGE_TARNAME ""
| #define PACKAGE_VERSION ""
| #define PACKAGE_STRING ""
| #define PACKAGE_BUGREPORT ""
| #define PACKAGE "cloog"
| #define VERSION "0.15"
| #define STDC_HEADERS 1
| #define HAVE_SYS_TYPES_H 1
| #define HAVE_SYS_STAT_H 1
| #define HAVE_STDLIB_H 1
| #define HAVE_STRING_H 1
| #define HAVE_MEMORY_H 1
| #define HAVE_STRINGS_H 1
| #define HAVE_INTTYPES_H 1
| #define HAVE_STDINT_H 1
| #define HAVE_UNISTD_H 1
| #define HAVE_DLFCN_H 1
| #define LT_OBJDIR ".libs/"
| /* end confdefs.h.  */
| #include <stdio.h>
| #ifdef HAVE_SYS_TYPES_H
| # include <sys/types.h>
| #endif
| #ifdef HAVE_SYS_STAT_H
| # include <sys/stat.h>
| #endif
| #ifdef STDC_HEADERS
| # include <stdlib.h>
| # include <stddef.h>
| #else
| # ifdef HAVE_STDLIB_H
| #  include <stdlib.h>
| # endif
| #endif
| #ifdef HAVE_STRING_H
| # if !defined STDC_HEADERS && defined HAVE_MEMORY_H
| #  include <memory.h>
| # endif
| # include <string.h>
| #endif
| #ifdef HAVE_STRINGS_H
| # include <strings.h>
| #endif
| #ifdef HAVE_INTTYPES_H
| # include <inttypes.h>
| #endif
| #ifdef HAVE_STDINT_H
| # include <stdint.h>
| #endif
| #ifdef HAVE_UNISTD_H
| # include <unistd.h>
| #endif
| int
| main ()
| {
| if (sizeof ((size_t)))
| 	  return 0;
|   ;
|   return 0;
| }
configure:11416: result: yes
configure:11431: checking for ANSI C header files
configure:11599: result: yes
configure:11615: checking for strtol
configure:11671: gcc -o conftest -g -O2   conftest.c  >&5
configure:11678: $? = 0
configure:11700: result: yes
configure:11723: checking sys/resource.h usability
configure:11740: gcc -c -g -O2  conftest.c >&5
configure:11747: $? = 0
configure:11761: result: yes
configure:11765: checking sys/resource.h presence
configure:11780: gcc -E  conftest.c
configure:11787: $? = 0
configure:11801: result: yes
configure:11829: checking for sys/resource.h
configure:11836: result: yes
configure:11932: checking whether gmp works
configure:12178: checking gmp.h usability
configure:12195: gcc -c -g -O2 -I/home/sparksco/android/toolchain/aosp/build/temp-install/include  conftest.c >&5
configure:12202: $? = 0
configure:12216: result: yes
configure:12220: checking gmp.h presence
configure:12235: gcc -E -I/home/sparksco/android/toolchain/aosp/build/temp-install/include  conftest.c
configure:12242: $? = 0
configure:12256: result: yes
configure:12284: checking for gmp.h
configure:12291: result: yes
configure:12304: checking for __gmpz_init in -lgmp
configure:12339: gcc -o conftest -g -O2 -I/home/sparksco/android/toolchain/aosp/build/temp-install/include  -L/home/sparksco/android/toolchain/aosp/build/temp-install/lib  conftest.c -lgmp   >&5
configure:12346: $? = 0
configure:12367: result: yes
configure:12378: result: yes
configure:12406: checking for location of PolyLib
configure:12440: result: installed in standard location
configure:12446: checking for PolyhedronTSort in -lpolylib64
configure:12481: gcc -o conftest -g -O2 -I/home/sparksco/android/toolchain/aosp/build/temp-install/include  -L/home/sparksco/android/toolchain/aosp/build/temp-install/lib  conftest.c -lpolylib64   -lgmp >&5
/usr/bin/ld: cannot find -lpolylib64
collect2: error: ld returned 1 exit status
configure:12488: $? = 1
configure: failed program was:
| /* confdefs.h.  */
| #define PACKAGE_NAME ""
| #define PACKAGE_TARNAME ""
| #define PACKAGE_VERSION ""
| #define PACKAGE_STRING ""
| #define PACKAGE_BUGREPORT ""
| #define PACKAGE "cloog"
| #define VERSION "0.15"
| #define STDC_HEADERS 1
| #define HAVE_SYS_TYPES_H 1
| #define HAVE_SYS_STAT_H 1
| #define HAVE_STDLIB_H 1
| #define HAVE_STRING_H 1
| #define HAVE_MEMORY_H 1
| #define HAVE_STRINGS_H 1
| #define HAVE_INTTYPES_H 1
| #define HAVE_STDINT_H 1
| #define HAVE_UNISTD_H 1
| #define HAVE_DLFCN_H 1
| #define LT_OBJDIR ".libs/"
| #define STDC_HEADERS 1
| #define HAVE_STRTOL 1
| #define HAS_SYS_RESOURCE_H 1
| #define LINEAR_VALUE_IS_MP 1
| /* end confdefs.h.  */
| 
| /* Override any GCC internal prototype to avoid an error.
|    Use char because int might match the return type of a GCC
|    builtin and then its argument prototype would still apply.  */
| #ifdef __cplusplus
| extern "C"
| #endif
| char PolyhedronTSort ();
| int
| main ()
| {
| return PolyhedronTSort ();
|   ;
|   return 0;
| }
configure:12511: result: no
configure:12526: result: Can't find PolyLib.
configure:12692: checking for Parma Polyhedral Library (PPL)
configure:12704: result: installed in /home/sparksco/android/toolchain/aosp/build/temp-install
configure:12726: checking ppl_c.h usability
configure:12743: gcc -c -g -O2 -I/home/sparksco/android/toolchain/aosp/build/temp-install/include -I/home/sparksco/android/toolchain/aosp/build/temp-install/include  conftest.c >&5
configure:12750: $? = 0
configure:12764: result: yes
configure:12768: checking ppl_c.h presence
configure:12783: gcc -E -I/home/sparksco/android/toolchain/aosp/build/temp-install/include -I/home/sparksco/android/toolchain/aosp/build/temp-install/include  conftest.c
configure:12790: $? = 0
configure:12804: result: yes
configure:12832: checking for ppl_c.h
configure:12839: result: yes
configure:12853: checking for version 0.10 of PPL
configure:12880: gcc -c -g -O2 -I/home/sparksco/android/toolchain/aosp/build/temp-install/include -I/home/sparksco/android/toolchain/aosp/build/temp-install/include  conftest.c >&5
conftest.c: In function 'main':
conftest.c:32:2: error: unknown type name 'choke'
configure:12887: $? = 1
configure: failed program was:
| /* confdefs.h.  */
| #define PACKAGE_NAME ""
| #define PACKAGE_TARNAME ""
| #define PACKAGE_VERSION ""
| #define PACKAGE_STRING ""
| #define PACKAGE_BUGREPORT ""
| #define PACKAGE "cloog"
| #define VERSION "0.15"
| #define STDC_HEADERS 1
| #define HAVE_SYS_TYPES_H 1
| #define HAVE_SYS_STAT_H 1
| #define HAVE_STDLIB_H 1
| #define HAVE_STRING_H 1
| #define HAVE_MEMORY_H 1
| #define HAVE_STRINGS_H 1
| #define HAVE_INTTYPES_H 1
| #define HAVE_STDINT_H 1
| #define HAVE_UNISTD_H 1
| #define HAVE_DLFCN_H 1
| #define LT_OBJDIR ".libs/"
| #define STDC_HEADERS 1
| #define HAVE_STRTOL 1
| #define HAS_SYS_RESOURCE_H 1
| #define LINEAR_VALUE_IS_MP 1
| /* end confdefs.h.  */
| #include "ppl_c.h"
| int
| main ()
| {
| 
| 	#if PPL_VERSION_MAJOR != 0 || PPL_VERSION_MINOR != 10
| 	choke me
| 	#endif
| 
|   ;
|   return 0;
| }
configure:12898: error: Can't find correct version of PPL.

## ---------------- ##
## Cache variables. ##
## ---------------- ##

ac_cv_build=x86_64-pc-linux-gnu
ac_cv_c_compiler_gnu=yes
ac_cv_c_const=yes
ac_cv_env_CC_set=
ac_cv_env_CC_value=
ac_cv_env_CFLAGS_set=
ac_cv_env_CFLAGS_value=
ac_cv_env_CPPFLAGS_set=
ac_cv_env_CPPFLAGS_value=
ac_cv_env_CPP_set=
ac_cv_env_CPP_value=
ac_cv_env_LDFLAGS_set=
ac_cv_env_LDFLAGS_value=
ac_cv_env_LIBS_set=
ac_cv_env_LIBS_value=
ac_cv_env_build_alias_set=set
ac_cv_env_build_alias_value=x86_64-pc-linux-gnu
ac_cv_env_host_alias_set=set
ac_cv_env_host_alias_value=x86_64-pc-linux-gnu
ac_cv_env_target_alias_set=set
ac_cv_env_target_alias_value=arm-linux-androideabi
ac_cv_func_strtol=yes
ac_cv_header_dlfcn_h=yes
ac_cv_header_gmp_h=yes
ac_cv_header_inttypes_h=yes
ac_cv_header_memory_h=yes
ac_cv_header_ppl_c_h=yes
ac_cv_header_stdc=yes
ac_cv_header_stdint_h=yes
ac_cv_header_stdlib_h=yes
ac_cv_header_string_h=yes
ac_cv_header_strings_h=yes
ac_cv_header_sys_resource_h=yes
ac_cv_header_sys_stat_h=yes
ac_cv_header_sys_types_h=yes
ac_cv_header_unistd_h=yes
ac_cv_host=x86_64-pc-linux-gnu
ac_cv_lib_gmp___gmpz_init=yes
ac_cv_lib_polylib64___PolyhedronTSort=no
ac_cv_objext=o
ac_cv_path_EGREP='/bin/grep -E'
ac_cv_path_FGREP='/bin/grep -F'
ac_cv_path_GREP=/bin/grep
ac_cv_path_SED=/bin/sed
ac_cv_path_install='/usr/bin/install -c'
ac_cv_prog_AWK=gawk
ac_cv_prog_CPP='gcc -E'
ac_cv_prog_ac_ct_AR=ar
ac_cv_prog_ac_ct_CC=gcc
ac_cv_prog_ac_ct_OBJDUMP=objdump
ac_cv_prog_ac_ct_RANLIB=ranlib
ac_cv_prog_ac_ct_STRIP=strip
ac_cv_prog_cc_c89=
ac_cv_prog_cc_g=yes
ac_cv_prog_make_make_set=yes
ac_cv_type_size_t=yes
am_cv_CC_dependencies_compiler_type=gcc3
cl_cv_polylib=missing
lt_cv_deplibs_check_method=pass_all
lt_cv_file_magic_cmd='$MAGIC_CMD'
lt_cv_file_magic_test_file=
lt_cv_ld_reload_flag=-r
lt_cv_nm_interface='BSD nm'
lt_cv_objdir=.libs
lt_cv_path_LD=/usr/bin/ld
lt_cv_path_NM='/usr/bin/nm -B'
lt_cv_prog_compiler_c_o=yes
lt_cv_prog_compiler_pic_works=yes
lt_cv_prog_compiler_rtti_exceptions=no
lt_cv_prog_compiler_static_works=yes
lt_cv_prog_gnu_ld=yes
lt_cv_sys_global_symbol_pipe='sed -n -e '\''s/^.*[	 ]\([ABCDGIRSTW][ABCDGIRSTW]*\)[	 ][	 ]*\([_A-Za-z][_A-Za-z0-9]*\)$/\1 \2 \2/p'\'''
lt_cv_sys_global_symbol_to_c_name_address='sed -n -e '\''s/^: \([^ ]*\) $/  {\"\1\", (void *) 0},/p'\'' -e '\''s/^[ABCDGIRSTW]* \([^ ]*\) \([^ ]*\)$/  {"\2", (void *) \&\2},/p'\'''
lt_cv_sys_global_symbol_to_c_name_address_lib_prefix='sed -n -e '\''s/^: \([^ ]*\) $/  {\"\1\", (void *) 0},/p'\'' -e '\''s/^[ABCDGIRSTW]* \([^ ]*\) \(lib[^ ]*\)$/  {"\2", (void *) \&\2},/p'\'' -e '\''s/^[ABCDGIRSTW]* \([^ ]*\) \([^ ]*\)$/  {"lib\2", (void *) \&\2},/p'\'''
lt_cv_sys_global_symbol_to_cdecl='sed -n -e '\''s/^T .* \(.*\)$/extern int \1();/p'\'' -e '\''s/^[ABCDGIRSTW]* .* \(.*\)$/extern char \1;/p'\'''
lt_cv_sys_max_cmd_len=3458764513820540925

## ----------------- ##
## Output variables. ##
## ----------------- ##

ACLOCAL='${SHELL} /home/sparksco/android/toolchain/aosp/cloog/cloog-ppl-0.15.9/autoconf/missing --run aclocal-1.9'
AMDEPBACKSLASH='\'
AMDEP_FALSE='#'
AMDEP_TRUE=''
AMTAR='${SHELL} /home/sparksco/android/toolchain/aosp/cloog/cloog-ppl-0.15.9/autoconf/missing --run tar'
AR='ar'
AUTOCONF='${SHELL} /home/sparksco/android/toolchain/aosp/cloog/cloog-ppl-0.15.9/autoconf/missing --run autoconf'
AUTOHEADER='${SHELL} /home/sparksco/android/toolchain/aosp/cloog/cloog-ppl-0.15.9/autoconf/missing --run autoheader'
AUTOMAKE='${SHELL} /home/sparksco/android/toolchain/aosp/cloog/cloog-ppl-0.15.9/autoconf/missing --run automake-1.9'
AWK='gawk'
BITS='64'
CC='gcc'
CCDEPMODE='depmode=gcc3'
CD=''
CFLAGS='-g -O2'
CLOOG_VERSION_BETA='0'
CLOOG_VERSION_MAJOR='0'
CLOOG_VERSION_MINOR='15'
CLOOG_VERSION_REVISION='0'
CPP='gcc -E'
CPPFLAGS='-I/home/sparksco/android/toolchain/aosp/build/temp-install/include -I/home/sparksco/android/toolchain/aosp/build/temp-install/include '
CYGPATH_W='echo'
DEFS=''
DEPDIR='.deps'
DSYMUTIL=''
DUMPBIN=''
ECHO_C=''
ECHO_N='-n'
ECHO_T=''
EGREP='/bin/grep -E'
EXEEXT=''
FGREP='/bin/grep -F'
GIT_INDEX=''
GREP='/bin/grep'
INSTALL='/usr/bin/install -c'
INSTALL_DATA='${INSTALL} -m 644'
INSTALL_PROGRAM='${INSTALL}'
INSTALL_SCRIPT='${INSTALL}'
INSTALL_STRIP_PROGRAM='${SHELL} $(install_sh) -c -s'
LD='/usr/bin/ld -m elf_x86_64'
LDFLAGS='-L/home/sparksco/android/toolchain/aosp/build/temp-install/lib -L/home/sparksco/android/toolchain/aosp/build/temp-install/lib '
LIBOBJS=''
LIBS=' -lgmp'
LIBTOOL='$(SHELL) $(top_builddir)/libtool'
LIPO=''
LN_S='ln -s'
LTLIBOBJS=''
MAKEINFO='${SHELL} /home/sparksco/android/toolchain/aosp/cloog/cloog-ppl-0.15.9/autoconf/missing --run makeinfo'
NM='/usr/bin/nm -B'
NMEDIT=''
OBJDUMP='objdump'
OBJEXT='o'
OTOOL64=''
OTOOL=''
PACKAGE='cloog'
PACKAGE_BUGREPORT=''
PACKAGE_NAME=''
PACKAGE_STRING=''
PACKAGE_TARNAME=''
PACKAGE_VERSION=''
PATH_SEPARATOR=':'
POLYHEDRAL_BACKEND='ppl'
POLYLIB_CPPFLAGS=''
POLYLIB_LDFLAGS=''
POLYLIB_LIBS=''
PPL_CPPFLAGS=''
PPL_LDFLAGS=''
PPL_LIBS=''
RANLIB='ranlib'
SED='/bin/sed'
SET_MAKE=''
SHELL='/bin/bash'
SHEXT=''
STRIP='strip'
VERSION='0.15'
ac_ct_CC='gcc'
ac_ct_DUMPBIN=''
am__fastdepCC_FALSE='#'
am__fastdepCC_TRUE=''
am__include='include'
am__leading_dot='.'
am__quote=''
am__tar='${AMTAR} chof - "$$tardir"'
am__untar='${AMTAR} xf -'
bindir='${exec_prefix}/bin'
build='x86_64-pc-linux-gnu'
build_alias='x86_64-pc-linux-gnu'
build_cpu='x86_64'
build_os='linux-gnu'
build_vendor='pc'
cl_cv_polylib='missing'
datadir='${datarootdir}'
datarootdir='${prefix}/share'
docdir='${datarootdir}/doc/${PACKAGE}'
dvidir='${docdir}'
exec_prefix='NONE'
host='x86_64-pc-linux-gnu'
host_alias='x86_64-pc-linux-gnu'
host_cpu='x86_64'
host_os='linux-gnu'
host_vendor='pc'
htmldir='${docdir}'
includedir='${prefix}/include'
infodir='${datarootdir}/info'
install_sh='/home/sparksco/android/toolchain/aosp/cloog/cloog-ppl-0.15.9/autoconf/install-sh'
libdir='${exec_prefix}/lib'
libexecdir='${exec_prefix}/libexec'
localedir='${datarootdir}/locale'
localstatedir='${prefix}/var'
lt_ECHO='echo'
mandir='${datarootdir}/man'
mkdir_p='mkdir -p --'
oldincludedir='/usr/include'
pdfdir='${docdir}'
prefix='/home/sparksco/android/toolchain/aosp/build/temp-install'
program_transform_name='s&^&arm-linux-androideabi-&'
psdir='${docdir}'
sbindir='${exec_prefix}/sbin'
sharedstatedir='${prefix}/com'
sysconfdir='${prefix}/etc'
target='arm-linux-androideabi'
target_alias='arm-linux-androideabi'

## ----------- ##
## confdefs.h. ##
## ----------- ##

#define PACKAGE_NAME ""
#define PACKAGE_TARNAME ""
#define PACKAGE_VERSION ""
#define PACKAGE_STRING ""
#define PACKAGE_BUGREPORT ""
#define PACKAGE "cloog"
#define VERSION "0.15"
#define STDC_HEADERS 1
#define HAVE_SYS_TYPES_H 1
#define HAVE_SYS_STAT_H 1
#define HAVE_STDLIB_H 1
#define HAVE_STRING_H 1
#define HAVE_MEMORY_H 1
#define HAVE_STRINGS_H 1
#define HAVE_INTTYPES_H 1
#define HAVE_STDINT_H 1
#define HAVE_UNISTD_H 1
#define HAVE_DLFCN_H 1
#define LT_OBJDIR ".libs/"
#define STDC_HEADERS 1
#define HAVE_STRTOL 1
#define HAS_SYS_RESOURCE_H 1
#define LINEAR_VALUE_IS_MP 1

configure: exit 1
